\BOOKMARK [1][-]{section.1}{\376\377\176\352\213\272\000\040\000\050\000I\000n\000t\000r\000o\000d\000u\000c\000t\000i\000o\000n\000\051}{}% 1
\BOOKMARK [2][-]{subsection.1.1}{\376\377\225\356\230\230\133\232\116\111\116\016\122\250\147\072}{section.1}% 2
\BOOKMARK [2][-]{subsection.1.2}{\376\377\200\314\146\157\215\104\145\231\124\214\166\370\121\163\135\345\117\134}{section.1}% 3
\BOOKMARK [3][-]{subsubsection.1.2.1}{\376\377\217\156\136\323\150\300\155\113\116\016\131\032\217\271\137\142\217\321\117\074}{subsection.1.2}% 4
\BOOKMARK [3][-]{subsubsection.1.2.2}{\376\377\211\322\160\271\150\300\155\113\116\016\133\232\117\115}{subsection.1.2}% 5
\BOOKMARK [3][-]{subsubsection.1.2.3}{\376\377\220\017\211\306\123\330\143\142\123\237\164\006\116\016\133\236\163\260}{subsection.1.2}% 6
\BOOKMARK [3][-]{subsubsection.1.2.4}{\376\377\000Y\000O\000L\000O}{subsection.1.2}% 7
\BOOKMARK [2][-]{subsection.1.3}{\376\377\145\271\154\325\173\200\217\360}{section.1}% 8
\BOOKMARK [1][-]{section.2}{\376\377\166\370\121\163\135\345\117\134\000\040\000\050\000R\000e\000l\000a\000t\000e\000d\000\040\000W\000o\000r\000k\000\051}{}% 9
\BOOKMARK [1][-]{section.3}{\376\377\145\271\154\325\166\204\121\167\117\123\176\306\202\202\000\040\000\050\000D\000e\000t\000a\000i\000l\000s\000\040\000o\000f\000\040\000t\000h\000e\000\040\000A\000p\000p\000r\000o\000a\000c\000h\000\051}{}% 10
\BOOKMARK [2][-]{subsection.3.1}{\376\377\152\041\127\127\116\000\377\032\150\313\166\330\133\232\117\115\116\016\220\017\211\306\150\041\153\143}{section.3}% 11
\BOOKMARK [2][-]{subsection.3.2}{\376\377\152\041\127\127\116\214\377\032\127\372\116\216\000Y\000O\000L\000O\000v\0001\0001\166\204\150\313\133\120\150\300\155\113}{section.3}% 12
\BOOKMARK [2][-]{subsection.3.3}{\376\377\152\041\127\127\116\011\377\032\150\313\166\330\162\266\140\001\221\315\136\372}{section.3}% 13
\BOOKMARK [1][-]{section.4}{\376\377\133\236\232\214\000\040\000\050\000E\000x\000p\000e\000r\000i\000m\000e\000n\000t\000s\000\051}{}% 14
\BOOKMARK [2][-]{subsection.4.1}{\376\377\145\160\143\156\226\306\116\016\163\257\130\203}{section.4}% 15
\BOOKMARK [2][-]{subsection.4.2}{\376\377\133\236\232\214\176\323\147\234\116\016\122\006\147\220}{section.4}% 16
\BOOKMARK [1][-]{section.5}{\376\377\126\376\137\142\165\050\142\067\165\114\227\142\000\040\000\050\000G\000U\000I\000\051\000\040\133\236\163\260}{}% 17
\BOOKMARK [2][-]{subsection.5.1}{\376\377\133\211\123\123\162\110\133\236\163\260\122\237\200\375}{section.5}% 18
\BOOKMARK [2][-]{subsection.5.2}{\376\377\165\114\227\142\213\276\213\241\116\016\122\237\200\375}{section.5}% 19
\BOOKMARK [2][-]{subsection.5.3}{\376\377\135\345\117\134\155\101\172\013}{section.5}% 20
\BOOKMARK [1][-]{section.6}{\376\377\140\073\176\323\124\214\213\250\213\272\000\040\000\050\000D\000i\000s\000c\000u\000s\000s\000i\000o\000n\000\040\000a\000n\000d\000\040\000C\000o\000n\000c\000l\000u\000s\000i\000o\000n\000s\000\051}{}% 21
